<?xml version="1.0" encoding="UTF-8"?>
<!-- Generated by org.testng.reporters.JUnitReportReporter -->
<testsuite hostname="DESKTOP-KQF47D7" failures="0" tests="1" name="com.Namaskar.VerifyTitleTest" time="18.096" errors="0" timestamp="2023-03-15T18:59:12 EDT" skipped="0">
  <testcase classname="com.Namaskar.VerifyTitleTest" name="titleTest" time="18.096"/>
  <system-out/>
</testsuite> <!-- com.Namaskar.VerifyTitleTest -->
