<?xml version="1.0" encoding="UTF-8"?>
<!-- Generated by org.testng.reporters.JUnitReportReporter -->
<testsuite hostname="DESKTOP-KQF47D7" failures="0" tests="4" name="com.Namaskar.LoginTest" time="0.018" errors="0" timestamp="2023-03-15T18:45:06 EDT" skipped="0">
  <testcase classname="com.Namaskar.LoginTest" name="logoutTest" time="0.004"/>
  <system-out/>
  <testcase classname="com.Namaskar.LoginTest" name="loginTest" time="0.009"/>
  <system-out/>
  <testcase classname="com.Namaskar.LoginTest" name="bloginTest" time="0.002"/>
  <system-out/>
  <testcase classname="com.Namaskar.LoginTest" name="alogoutTest" time="0.003"/>
  <system-out/>
</testsuite> <!-- com.Namaskar.LoginTest -->
